test_upper_case_names (__main__.TestExercice) ... ERROR

======================================================================
ERROR: test_upper_case_names (__main__.TestExercice)
----------------------------------------------------------------------
Traceback (most recent call last):
  File "test_exercice.py", line 17, in test_upper_case_names
    output = list(map(exercice.majuscule, self.words))
  File "/home/runner/work/2021a-c01-ch2-exercices-Muriellehxh/2021a-c01-ch2-exercices-Muriellehxh/exercice.py", line 7, in majuscule
    nouveau_mot = nouveau_mot + lettre_maj
TypeError: can only concatenate str (not "NoneType") to str

----------------------------------------------------------------------
Ran 1 test in 0.000s

FAILED (errors=1)
